179. Printing statistics.

=== riscv_top ===

        +----------Local Count, excluding submodules.
        |        +-Local Area, excluding submodules.
        |        | 
    19576        - wires
    22802        - wire bits
      233        - public wires
     3133        - public wire bits
       37        - ports
       43        - port bits
    22536   122472 cells
     4505        -   $_ANDNOT_
      523        -   $_AND_
     7157        -   $_MUX_
      495        -   $_NAND_
      967        -   $_NOR_
     1137        -   $_NOT_
      526        -   $_ORNOT_
     2899        -   $_OR_
      435        -   $_XNOR_
     1392        -   $_XOR_
     2500   122472   sg13g2_dfrbpq_1

   Area for cell type $_ANDNOT_ is unknown!
   Area for cell type $_AND_ is unknown!
   Area for cell type $_MUX_ is unknown!
   Area for cell type $_NAND_ is unknown!
   Area for cell type $_NOR_ is unknown!
   Area for cell type $_NOT_ is unknown!
   Area for cell type $_ORNOT_ is unknown!
   Area for cell type $_OR_ is unknown!
   Area for cell type $_XNOR_ is unknown!
   Area for cell type $_XOR_ is unknown!

   Chip area for module '\riscv_top': 122472.000000
     of which used for sequential elements: 122472.000000 (100.00%)

